1. Cmdline: spl-token transfer geTe4WtQ2XaAgxtnA2BwVXvmvg95CuevnYbLNFgxvpd 1 CyEaSmu1sAKFqTPvKqVf4ssXV2Mb5i4aKfwCJ45Rdw79 --fund-recipient --allow-unfunded-recipient
Transfer 1 tokens
  Sender: um4ptB4q8N94HuMWgzf3EVa3GxbQqGg6ZpRHQyPdHyV
  Recipient: CyEaSmu1sAKFqTPvKqVf4ssXV2Mb5i4aKfwCJ45Rdw79
  Recipient associated token account: 6r8vYPYYoBieAzFVsPJbF36j6oBSChtEb9oU2VLYTmrH
  Funding recipient: 6r8vYPYYoBieAzFVsPJbF36j6oBSChtEb9oU2VLYTmrH (0.00203928 SOL)

Signature: 3yvVtnZtf8FQnTgYZ72UprzQ5DybQZwTU5nC8j8wWsrPQtSsp7Mjmw6maozhaJFZquNGVya32nEkgJL3wh6sBi7Q


------------------------------
2. Cmdline: spl-token transfer geTe4WtQ2XaAgxtnA2BwVXvmvg95CuevnYbLNFgxvpd 1 4voKKCVLJyjsq9hXFcAcdVgzCz3zzPX8axQMAF5ra5mP --fund-recipient --allow-unfunded-recipient
Transfer 1 tokens
  Sender: um4ptB4q8N94HuMWgzf3EVa3GxbQqGg6ZpRHQyPdHyV
  Recipient: 4voKKCVLJyjsq9hXFcAcdVgzCz3zzPX8axQMAF5ra5mP
  Recipient associated token account: 2QUdPi5oAfwMJT9Ewu7dXP9U6VNQ6Cqw1LxBSJGF95uX
  Funding recipient: 2QUdPi5oAfwMJT9Ewu7dXP9U6VNQ6Cqw1LxBSJGF95uX (0.00203928 SOL)

Signature: 4GEhH5u8wjiaSTJgMuLeLKTZbQVzjagPsyQeWSSXDXtu2GEgwqYoAf7oWGawyQcYvGDsU95QeaosmsmQhnsixvNk


------------------------------
3. Cmdline: spl-token transfer geTe4WtQ2XaAgxtnA2BwVXvmvg95CuevnYbLNFgxvpd 1 2D2JLaWPFXpZmPvVPnMi9ck4qywUGPnt7JwDfnh5sVux --fund-recipient --allow-unfunded-recipient
Transfer 1 tokens
  Sender: um4ptB4q8N94HuMWgzf3EVa3GxbQqGg6ZpRHQyPdHyV
  Recipient: 2D2JLaWPFXpZmPvVPnMi9ck4qywUGPnt7JwDfnh5sVux
  Recipient associated token account: C3hGrvyfdThjgKYvCUsmCibjq3v364htLGH8cFG7MH5h
  Funding recipient: C3hGrvyfdThjgKYvCUsmCibjq3v364htLGH8cFG7MH5h (0.00203928 SOL)

Signature: 5baThVBDRq288M2ZiXggbMKkFHCW3icJQUdNLzaq3HoREXQWrvAdWHZZ2jWh3PgyYS9aqhFJW1XxVgE6yp7mPmcs


------------------------------
4. Cmdline: spl-token transfer geTe4WtQ2XaAgxtnA2BwVXvmvg95CuevnYbLNFgxvpd 1 GUK8Cb5d7jupiBjUReLxZZsPp8h415oaTUX26M4tzEAm --fund-recipient --allow-unfunded-recipient
Transfer 1 tokens
  Sender: um4ptB4q8N94HuMWgzf3EVa3GxbQqGg6ZpRHQyPdHyV
  Recipient: GUK8Cb5d7jupiBjUReLxZZsPp8h415oaTUX26M4tzEAm
  Recipient associated token account: EQkBwFZEV9tkGtBHosfFYBZ5XSt4nTcBvHiNXsy2MbkD
  Funding recipient: EQkBwFZEV9tkGtBHosfFYBZ5XSt4nTcBvHiNXsy2MbkD (0.00203928 SOL)

Signature: 4jmZ7JmH9wbQ2AYhzSVhgEQtQRR29wmixMxDvYam3gXTNa6pKnJhwgDaRjHeKAJEjdhDF11V6DfMsopTVNSkif43


------------------------------
5. Cmdline: spl-token transfer geTe4WtQ2XaAgxtnA2BwVXvmvg95CuevnYbLNFgxvpd 1 4HBds4dpGcsdsWtyYwPvFpCYGcvCyGc929ZWHsRvkmoB --fund-recipient --allow-unfunded-recipient
Transfer 1 tokens
  Sender: um4ptB4q8N94HuMWgzf3EVa3GxbQqGg6ZpRHQyPdHyV
  Recipient: 4HBds4dpGcsdsWtyYwPvFpCYGcvCyGc929ZWHsRvkmoB
  Recipient associated token account: FkqpaY7u9Kve67E3rPDszcKJPrL1smkRBYT4yJTTagfF
  Funding recipient: FkqpaY7u9Kve67E3rPDszcKJPrL1smkRBYT4yJTTagfF (0.00203928 SOL)

Signature: 3FkMFmPZMyxkds83zk4t2tVb2dk7JoNLLymtQMuhZk4q6r16yUTv6dtrcy44zneQVbQ4qq8AbQoZGqgT2ePkMtGk


------------------------------
6. Cmdline: spl-token transfer geTe4WtQ2XaAgxtnA2BwVXvmvg95CuevnYbLNFgxvpd 1 Hrdpnpu4HAg8vesFXLHD3aAkW2tBeegBFHjsidTJq2op --fund-recipient --allow-unfunded-recipient
Transfer 1 tokens
  Sender: um4ptB4q8N94HuMWgzf3EVa3GxbQqGg6ZpRHQyPdHyV
  Recipient: Hrdpnpu4HAg8vesFXLHD3aAkW2tBeegBFHjsidTJq2op
  Recipient associated token account: HZ914Mb3vV4TERWwYBGU3uC7pqiCCntLQYwwDdrGT8oL
  Funding recipient: HZ914Mb3vV4TERWwYBGU3uC7pqiCCntLQYwwDdrGT8oL (0.00203928 SOL)

Signature: 618MRyxurVnE82yQziMN62ZY294wy7brArxBWvpEZcb74iMcEBM3DFpo1hZob8BQMUo82VKTHHRgvsihwWhrkzcJ


------------------------------
7. Cmdline: spl-token transfer geTe4WtQ2XaAgxtnA2BwVXvmvg95CuevnYbLNFgxvpd 1 H5Vv5i6afAcCscz6bYdWiYBSFN3gZGVtpy2LcDAjCHcc --fund-recipient --allow-unfunded-recipient
Transfer 1 tokens
  Sender: um4ptB4q8N94HuMWgzf3EVa3GxbQqGg6ZpRHQyPdHyV
  Recipient: H5Vv5i6afAcCscz6bYdWiYBSFN3gZGVtpy2LcDAjCHcc
  Recipient associated token account: AVUiZBVQk4ckgbXGYHz9hFbRNDwE2fh4znnC5DwEGiNe
  Funding recipient: AVUiZBVQk4ckgbXGYHz9hFbRNDwE2fh4znnC5DwEGiNe (0.00203928 SOL)

Signature: iJQ54DxPRYirAzd8udPAqpRL1keYZRN7amyJ7sPUBMTR9mcqGQ4HN7U4hcDWEDFhk7WsR59CsPpmWepcup1SF2E


------------------------------
8. Cmdline: spl-token transfer geTe4WtQ2XaAgxtnA2BwVXvmvg95CuevnYbLNFgxvpd 1 CrhsvbK6fyH4M1TYd3SmPf3Tmt7WSLFti6h5kX9fJJjr --fund-recipient --allow-unfunded-recipient
Transfer 1 tokens
  Sender: um4ptB4q8N94HuMWgzf3EVa3GxbQqGg6ZpRHQyPdHyV
  Recipient: CrhsvbK6fyH4M1TYd3SmPf3Tmt7WSLFti6h5kX9fJJjr
  Recipient associated token account: zDs7S5zq9jqKL3AjcwRzu1Gc8wZFFnrrFddXHZEscsu
  Funding recipient: zDs7S5zq9jqKL3AjcwRzu1Gc8wZFFnrrFddXHZEscsu (0.00203928 SOL)

Signature: 4SEUEwV5ettdxSHjQTRwiTiLgneBCvu5VCmqdmAMrLZptMitEVkFQDBCniLDmt9W1Uujd9MiyZDf3BZfwzKwCk7A


------------------------------
9. Cmdline: spl-token transfer geTe4WtQ2XaAgxtnA2BwVXvmvg95CuevnYbLNFgxvpd 1 3cxntiYaA4iZt8zx9BEvd9oUjwZ22jN4HspwLd6dSL1Y --fund-recipient --allow-unfunded-recipient
Transfer 1 tokens
  Sender: um4ptB4q8N94HuMWgzf3EVa3GxbQqGg6ZpRHQyPdHyV
  Recipient: 3cxntiYaA4iZt8zx9BEvd9oUjwZ22jN4HspwLd6dSL1Y
  Recipient associated token account: PrETVjxCLpJDSKTWPgufWfyToG2MwQnnQgVXFb2bkPn
  Funding recipient: PrETVjxCLpJDSKTWPgufWfyToG2MwQnnQgVXFb2bkPn (0.00203928 SOL)

Signature: 63P6mMDsEn8UuHBYSRYtjCDz5nUu4qjohAw37KzjDjsxRTPFvtdwbWjU9RoN6UrgBXayGhvEaDMHuqjW1jMSXMNs


------------------------------
10. Cmdline: spl-token transfer geTe4WtQ2XaAgxtnA2BwVXvmvg95CuevnYbLNFgxvpd 1 DxwpmixsNp1jCXtc1vYLuss7qUX2WRpyYsiN1VZiqERg --fund-recipient --allow-unfunded-recipient
Transfer 1 tokens
  Sender: um4ptB4q8N94HuMWgzf3EVa3GxbQqGg6ZpRHQyPdHyV
  Recipient: DxwpmixsNp1jCXtc1vYLuss7qUX2WRpyYsiN1VZiqERg
  Recipient associated token account: HdDqYQL3PkkdcfE5p4Yeoa7e3r4JA9SaYSXn7jscSi5s
  Funding recipient: HdDqYQL3PkkdcfE5p4Yeoa7e3r4JA9SaYSXn7jscSi5s (0.00203928 SOL)

Signature: 4RPtN28XFSAGfp1E1N6MHz6E9fKzdqC3cnECxK1SV3TzAmE2DqpKwDBeQrFC3j88nfNA6CdBjYMzzKi45JwsV3Ar


------------------------------
