1. Cmdline: spl-token transfer GtBwdtJvjyh3f7auZpABP7gswsiimw8D7geWZc8rzH9Q 2 CyEaSmu1sAKFqTPvKqVf4ssXV2Mb5i4aKfwCJ45Rdw79 --fund-recipient --allow-unfunded-recipient
Transfer 2 tokens
  Sender: 3o5BCkwQ2d5MCkhbukDF8htLQr7tMhdgJ3i14kfp9GxB
  Recipient: CyEaSmu1sAKFqTPvKqVf4ssXV2Mb5i4aKfwCJ45Rdw79
  Recipient associated token account: 78mRkfoWnGijxHQsRiUSUSsWLgQtkRraDppVjXd1Lcxn
  Funding recipient: 78mRkfoWnGijxHQsRiUSUSsWLgQtkRraDppVjXd1Lcxn (0.00203928 SOL)

Signature: 3NGgVRmd95XAvEbuwWZY1YCVbHru9mEVCeStuYPr3JaQmAq7VGwqrQwrUzMC7tZ8PKMzJtQqTpZwj1j6G1KX3xFp


------------------------------
2. Cmdline: spl-token transfer GtBwdtJvjyh3f7auZpABP7gswsiimw8D7geWZc8rzH9Q 2 4voKKCVLJyjsq9hXFcAcdVgzCz3zzPX8axQMAF5ra5mP --fund-recipient --allow-unfunded-recipient
unable to confirm transaction. This can happen in situations such as transaction expiration and insufficient fee-payer funds

------------------------------
3. Cmdline: spl-token transfer GtBwdtJvjyh3f7auZpABP7gswsiimw8D7geWZc8rzH9Q 2 2Hg5CXtVAQLfRiW5BMk6HwcRPQgkXavBTRuceptsFPKv --fund-recipient --allow-unfunded-recipient
Transfer 2 tokens
  Sender: 3o5BCkwQ2d5MCkhbukDF8htLQr7tMhdgJ3i14kfp9GxB
  Recipient: 2Hg5CXtVAQLfRiW5BMk6HwcRPQgkXavBTRuceptsFPKv
  Recipient associated token account: DmYhvrxatKJAP5iLUHbuWpGSjQfQo8Mf591K1EuPQxZL
  Funding recipient: DmYhvrxatKJAP5iLUHbuWpGSjQfQo8Mf591K1EuPQxZL (0.00203928 SOL)

Signature: 4sXEE5yph8pnTp4AA5SkFVwje7S8ajckGN5T2y4T5nwKvEM7DqBy9AqVTCNGKucNg5iFMFzbSW31YuFiMXW84hJ9


------------------------------
4. Cmdline: spl-token transfer GtBwdtJvjyh3f7auZpABP7gswsiimw8D7geWZc8rzH9Q 2 GUK8Cb5d7jupiBjUReLxZZsPp8h415oaTUX26M4tzEAm --fund-recipient --allow-unfunded-recipient
unable to confirm transaction. This can happen in situations such as transaction expiration and insufficient fee-payer funds

------------------------------
5. Cmdline: spl-token transfer GtBwdtJvjyh3f7auZpABP7gswsiimw8D7geWZc8rzH9Q 2 4HBds4dpGcsdsWtyYwPvFpCYGcvCyGc929ZWHsRvkmoB --fund-recipient --allow-unfunded-recipient
Transfer 2 tokens
  Sender: 3o5BCkwQ2d5MCkhbukDF8htLQr7tMhdgJ3i14kfp9GxB
  Recipient: 4HBds4dpGcsdsWtyYwPvFpCYGcvCyGc929ZWHsRvkmoB
  Recipient associated token account: 67bFeX4rdHs7u9pkRV2Yu3f3uZzbnYELPBA6DtK2tdbv

Signature: 4anTs4s736MS7MDqpb33xwKSEKneJMVxx3gSnFJK59VFyUiKHZWstHG8VzLuwz1mJwaEgdKqqCjH3B3M6QskwLpU


------------------------------
6. Cmdline: spl-token transfer GtBwdtJvjyh3f7auZpABP7gswsiimw8D7geWZc8rzH9Q 2 Hrdpnpu4HAg8vesFXLHD3aAkW2tBeegBFHjsidTJq2op --fund-recipient --allow-unfunded-recipient
Transfer 2 tokens
  Sender: 3o5BCkwQ2d5MCkhbukDF8htLQr7tMhdgJ3i14kfp9GxB
  Recipient: Hrdpnpu4HAg8vesFXLHD3aAkW2tBeegBFHjsidTJq2op
  Recipient associated token account: Dp1fh5AKJ2iMi5WYXbLGP2hZx2MY7JnZqzU5GLbRkHZ

Signature: 3Mb3cEvUbYuj5KJt9GUDoEiG4JUMtabH72qxKvrnpA7skcTHxbiPtdaPHpSXgPgWij9RQ5gvHopXjRHugxuKwZQ6


------------------------------
7. Cmdline: spl-token transfer GtBwdtJvjyh3f7auZpABP7gswsiimw8D7geWZc8rzH9Q 2 CrhsvbK6fyH4M1TYd3SmPf3Tmt7WSLFti6h5kX9fJJjr --fund-recipient --allow-unfunded-recipient
Transfer 2 tokens
  Sender: 3o5BCkwQ2d5MCkhbukDF8htLQr7tMhdgJ3i14kfp9GxB
  Recipient: CrhsvbK6fyH4M1TYd3SmPf3Tmt7WSLFti6h5kX9fJJjr
  Recipient associated token account: DNtenAGJKR6SWaFFdhw3bxTypAWEPk58upYU33uo87nm

Signature: WtfLWg6i2eYqrqExnqv1ZaaEZinhB6EF8ThfE4KMYLw5pwYbYgTFuUXNrMMNjGJYUgQ5uZS4Htm4632mXH9xSXZ


------------------------------
8. Cmdline: spl-token transfer GtBwdtJvjyh3f7auZpABP7gswsiimw8D7geWZc8rzH9Q 2 3cxntiYaA4iZt8zx9BEvd9oUjwZ22jN4HspwLd6dSL1Y --fund-recipient --allow-unfunded-recipient
unable to confirm transaction. This can happen in situations such as transaction expiration and insufficient fee-payer funds

------------------------------
9. Cmdline: spl-token transfer GtBwdtJvjyh3f7auZpABP7gswsiimw8D7geWZc8rzH9Q 2 DxwpmixsNp1jCXtc1vYLuss7qUX2WRpyYsiN1VZiqERg --fund-recipient --allow-unfunded-recipient
Transfer 2 tokens
  Sender: 3o5BCkwQ2d5MCkhbukDF8htLQr7tMhdgJ3i14kfp9GxB
  Recipient: DxwpmixsNp1jCXtc1vYLuss7qUX2WRpyYsiN1VZiqERg
  Recipient associated token account: 9BZQcVbXXYgsfmuvp49H1uTajoTubCQQ189s1AWxhVtA
  Funding recipient: 9BZQcVbXXYgsfmuvp49H1uTajoTubCQQ189s1AWxhVtA (0.00203928 SOL)

Signature: 5tVVLKLwD6J2HUUT6NhPu6j1cAYY8mGaauiG7Q3Pdj5RXxTJDFMQ5bHfLQDtRB4uYc6VVjJnRMcnLrQr2H1ePoi9


------------------------------
10. Cmdline: spl-token transfer GtBwdtJvjyh3f7auZpABP7gswsiimw8D7geWZc8rzH9Q 2 HXpUGrtKGUHHU8sinMneZhCY987PuqD2a2YdsqfmdPjC --fund-recipient --allow-unfunded-recipient
unable to confirm transaction. This can happen in situations such as transaction expiration and insufficient fee-payer funds

------------------------------
